<?xml version="1.0" encoding="UTF-8"?>
<testsuites name="Get5DayWeatherForecast" time="6.772" tests="1" failures="0" errors="0">
   <testsuite name="Get5DayWeatherForecast" tests="1" failures="0" errors="0" time="6.772" skipped="0" timestamp="14-02-2025T13:50:37" hostname="alpin - KAPPC015.axiaconsultant.com" id="Test Suites/Get5DayWeatherForecast">
      <properties>
         <property name="deviceName" value=""/>
         <property name="devicePlatform"/>
         <property name="logFolder" value="C:\\Users\\alpin\\Katalon Studio\\OpenWeatherMap-API-test\\Reports\\20250214_135023\\Get5DayWeatherForecast\\20250214_135023"/>
         <property name="logFiles" value="C:\\Users\\alpin\\Katalon Studio\\OpenWeatherMap-API-test\\Reports\\20250214_135023\\Get5DayWeatherForecast\\20250214_135023\\execution0.log"/>
         <property name="attachments" value=""/>
         <property name="hostName" value="alpin - KAPPC015.axiaconsultant.com"/>
         <property name="hostAddress" value="172.16.22.39"/>
         <property name="os" value="Windows 10 64bit"/>
         <property name="katalonVersion" value="10.1.0.223"/>
      </properties>
      <testcase name="Test Cases/Get5DayWeatherForecast" time="6.355" classname="Test Cases/Get5DayWeatherForecast" status="PASSED">
         <system-out><![CDATA[14-02-2025T13:50:38 - [TEST_CASE][PASSED] - Test Cases/Get5DayWeatherForecast: Test Cases/Get5DayWeatherForecast

14-02-2025T13:50:38 - [TEST_STEP][PASSED] - weatherUrl = "https://api.openweathermap.org/data/2.5/forecast?lat=-6.3035&lon=106.7469&appid=fd62756a7312a96b27b13b6fcd69cfe6": null

14-02-2025T13:50:38 - [TEST_STEP][PASSED] - response = sendRequestAndVerify(findTestObject("Object Repository/WeatherForecastRequest", ["url":weatherUrl])): Send request and verify the response successfully

14-02-2025T13:50:42 - [MESSAGE][INFO] - HAR: C:\Users\alpin\Katalon Studio\OpenWeatherMap-API-test\Reports\20250214_135023\Get5DayWeatherForecast\20250214_135023\requests\main\WeatherFo...Request_0.har

14-02-2025T13:50:43 - [TEST_CASE][PASSED] - Start Test Case : Verification: Verification accomplished successfully

14-02-2025T13:50:43 - [TEST_STEP][PASSED] - request = getInstance().getCurrentRequest(): null

14-02-2025T13:50:43 - [TEST_STEP][PASSED] - response = getInstance().getCurrentResponse(): null

14-02-2025T13:50:43 - [MESSAGE][PASSED] - Verify response successfully

14-02-2025T13:50:43 - [MESSAGE][PASSED] - All validation steps have been passed

14-02-2025T13:50:43 - [MESSAGE][PASSED] - Send request and verify the response successfully

14-02-2025T13:50:43 - [TEST_STEP][PASSED] - verifyResponseStatusCode(response, 200): Verify response status code successfully

14-02-2025T13:50:43 - [MESSAGE][PASSED] - Verify response status code successfully

14-02-2025T13:50:43 - [TEST_STEP][PASSED] - jsonResponse = JsonSlurper().parseText(response.getResponseBodyContent()): null

14-02-2025T13:50:44 - [TEST_STEP][PASSED] - assert jsonResponse != null: null

14-02-2025T13:50:44 - [TEST_STEP][PASSED] - verifyElementPropertyValue(response, "city.coord.lat", -6.3035): Verify element property value successfully

14-02-2025T13:50:44 - [MESSAGE][PASSED] - Verify element property value successfully

14-02-2025T13:50:44 - [TEST_STEP][PASSED] - verifyElementPropertyValue(response, "city.coord.lon", 106.7469): Verify element property value successfully

14-02-2025T13:50:44 - [MESSAGE][PASSED] - Verify element property value successfully

14-02-2025T13:50:44 - [TEST_STEP][PASSED] - verifyElementPropertyValue(response, "list.size()", 40): Verify element property value successfully

14-02-2025T13:50:44 - [MESSAGE][PASSED] - Verify element property value successfully

14-02-2025T13:50:44 - [TEST_STEP][PASSED] - assert temp != null: null

14-02-2025T13:50:44 - [TEST_STEP][PASSED] - assert description != null: null

14-02-2025T13:50:44 - [TEST_STEP][PASSED] - assert getResponseBodyContent().startsWith("{") && getResponseBodyContent().endsWith("}"): null

14-02-2025T13:50:44 - [TEST_STEP][PASSED] - if (rain != null): null

14-02-2025T13:50:44 - [TEST_STEP][PASSED] - assert 3h instanceof java.lang.Number: null

14-02-2025T13:50:44 - [TEST_STEP][PASSED] - assert response.getResponseBodyContent() != null: null

14-02-2025T13:50:44 - [TEST_STEP][PASSED] - assert trim().length() > 0: null]]></system-out>
         <system-err><![CDATA[]]></system-err>
      </testcase>
      <system-out><![CDATA[14-02-2025T13:50:37 - [TEST_SUITE][PASSED] - Get5DayWeatherForecast: Test Cases/Get5DayWeatherForecast]]></system-out>
      <system-err><![CDATA[]]></system-err>
   </testsuite>
</testsuites>
